2026-01-12 09:54:43,155 INFO Starting production server on port 5000...
2026-01-13 06:12:02,013 INFO Received migration request.
2026-01-13 06:12:11,153 INFO Starting migration thread.
2026-01-13 06:12:11,153 INFO Migration started.
2026-01-13 06:12:13,094 INFO Found 1 sheets in folder 123635793979268.
2026-01-13 06:12:13,094 INFO Processing sheet 5652708309553028.
2026-01-13 07:12:00,658 INFO Received migration request.
2026-01-13 07:12:04,467 INFO Starting migration thread.
2026-01-13 07:12:04,467 INFO Migration started.
2026-01-13 07:12:06,292 INFO Found 12 sheets in folder 5778260903651204.
2026-01-13 07:12:06,292 INFO Processing sheet 4659662264684420.
2026-01-13 07:38:41,290 INFO Processing sheet 8270263389998980.
2026-01-13 08:54:15,929 INFO Processing sheet 2109594575785860.
2026-01-13 10:49:43,701 INFO Processing sheet 8669209286365060.
2026-01-13 12:03:48,865 INFO Processing sheet 7304760336011140.
2026-01-13 14:44:58,018 INFO Processing sheet 8693773656608644.
2026-01-13 16:04:21,323 INFO Processing sheet 6747370151694212.
2026-01-13 16:30:39,048 INFO Processing sheet 5650511487258500.
2026-01-13 17:38:32,085 INFO Processing sheet 494239117954948.
2026-01-13 19:19:58,197 INFO Processing sheet 2609888019566468.
2026-01-13 19:58:02,013 INFO Processing sheet 2189504573034372.
2026-01-13 21:05:54,979 INFO Processing sheet 8818634647359364.
2026-01-20 03:15:07,973 INFO Received migration request.
2026-01-20 03:15:09,916 INFO Failed to initialize Drive subfolders under parent 1uBra7iayNBQgUoe-hXNZ1S_DOjwl4qa8: <HttpError 404 when requesting https://www.googleapis.com/drive/v3/files?fields=id&supportsAllDrives=true&alt=json returned "File not found: 1uBra7iayNBQgUoe-hXNZ1S_DOjwl4qa8.". Details: "[{'message': 'File not found: 1uBra7iayNBQgUoe-hXNZ1S_DOjwl4qa8.', 'domain': 'global', 'reason': 'notFound', 'location': 'fileId', 'locationType': 'parameter'}]">
2026-01-20 03:28:06,935 INFO Received migration request.
2026-01-20 03:28:08,149 INFO Failed to initialize Drive subfolders under parent 1uBra7iayNBQgUoe-hXNZ1S_DOjwl4qa8: <HttpError 404 when requesting https://www.googleapis.com/drive/v3/files?fields=id&supportsAllDrives=true&alt=json returned "File not found: 1uBra7iayNBQgUoe-hXNZ1S_DOjwl4qa8.". Details: "[{'message': 'File not found: 1uBra7iayNBQgUoe-hXNZ1S_DOjwl4qa8.', 'domain': 'global', 'reason': 'notFound', 'location': 'fileId', 'locationType': 'parameter'}]">
2026-01-20 03:33:03,685 INFO Received migration request.
2026-01-20 03:33:04,874 INFO Failed to initialize Drive subfolders under parent 1uBra7iayNBQgUoe-hXNZ1S_DOjwl4qa8: <HttpError 404 when requesting https://www.googleapis.com/drive/v3/files?fields=id&supportsAllDrives=true&alt=json returned "File not found: 1uBra7iayNBQgUoe-hXNZ1S_DOjwl4qa8.". Details: "[{'message': 'File not found: 1uBra7iayNBQgUoe-hXNZ1S_DOjwl4qa8.', 'domain': 'global', 'reason': 'notFound', 'location': 'fileId', 'locationType': 'parameter'}]">
2026-01-20 03:35:22,658 INFO Received migration request.
2026-01-20 03:35:23,626 INFO Failed to initialize Drive subfolders under parent 1BJELixN6TQiZEU9Dtc5TfAXGZ3PtfEBc: <HttpError 404 when requesting https://www.googleapis.com/drive/v3/files?fields=id&supportsAllDrives=true&alt=json returned "File not found: 1BJELixN6TQiZEU9Dtc5TfAXGZ3PtfEBc.". Details: "[{'message': 'File not found: 1BJELixN6TQiZEU9Dtc5TfAXGZ3PtfEBc.', 'domain': 'global', 'reason': 'notFound', 'location': 'fileId', 'locationType': 'parameter'}]">
2026-01-20 03:37:16,094 INFO Received migration request.
2026-01-20 03:37:17,288 INFO Failed to initialize Drive subfolders under parent 1kohd9sRskW4GHFHK7cWyF7nVbLqQgRAI: <HttpError 404 when requesting https://www.googleapis.com/drive/v3/files?fields=id&supportsAllDrives=true&alt=json returned "File not found: 1kohd9sRskW4GHFHK7cWyF7nVbLqQgRAI.". Details: "[{'message': 'File not found: 1kohd9sRskW4GHFHK7cWyF7nVbLqQgRAI.', 'domain': 'global', 'reason': 'notFound', 'location': 'fileId', 'locationType': 'parameter'}]">
2026-01-20 03:38:39,070 INFO Received migration request.
2026-01-20 03:38:40,571 INFO Failed to initialize Drive subfolders under parent 1BJELixN6TQiZEU9Dtc5TfAXGZ3PtfEBc: <HttpError 403 when requesting https://www.googleapis.com/drive/v3/files?fields=id&supportsAllDrives=true&alt=json returned "Insufficient permissions for the specified parent.". Details: "[{'message': 'Insufficient permissions for the specified parent.', 'domain': 'global', 'reason': 'insufficientParentPermissions'}]">
2026-01-20 03:39:34,868 INFO Received migration request.
2026-01-20 03:39:36,632 INFO Failed to initialize Drive subfolders under parent 12xpkD607pUc7RY9nZ8KCHgKDQDDoV4Xn: <HttpError 403 when requesting https://www.googleapis.com/drive/v3/files?fields=id&supportsAllDrives=true&alt=json returned "Insufficient permissions for the specified parent.". Details: "[{'message': 'Insufficient permissions for the specified parent.', 'domain': 'global', 'reason': 'insufficientParentPermissions'}]">
2026-01-20 03:39:51,836 INFO Received migration request.
2026-01-20 03:39:53,207 INFO Failed to initialize Drive subfolders under parent 12xpkD607pUc7RY9nZ8KCHgKDQDDoV4Xn: <HttpError 403 when requesting https://www.googleapis.com/drive/v3/files?fields=id&supportsAllDrives=true&alt=json returned "Insufficient permissions for the specified parent.". Details: "[{'message': 'Insufficient permissions for the specified parent.', 'domain': 'global', 'reason': 'insufficientParentPermissions'}]">
2026-01-20 03:42:47,276 INFO Received migration request.
2026-01-20 03:42:48,248 INFO Failed to initialize Drive subfolders under parent 1uBra7iayNBQgUoe-hXNZ1S_DOjwl4qa8: <HttpError 404 when requesting https://www.googleapis.com/drive/v3/files?fields=id&supportsAllDrives=true&alt=json returned "File not found: 1uBra7iayNBQgUoe-hXNZ1S_DOjwl4qa8.". Details: "[{'message': 'File not found: 1uBra7iayNBQgUoe-hXNZ1S_DOjwl4qa8.', 'domain': 'global', 'reason': 'notFound', 'location': 'fileId', 'locationType': 'parameter'}]">
2026-01-20 03:43:12,782 INFO Received migration request.
2026-01-20 03:43:13,708 INFO Failed to initialize Drive subfolders under parent 1uBra7iayNBQgUoe-hXNZ1S_DOjwl4qa8: <HttpError 404 when requesting https://www.googleapis.com/drive/v3/files?fields=id&supportsAllDrives=true&alt=json returned "File not found: 1uBra7iayNBQgUoe-hXNZ1S_DOjwl4qa8.". Details: "[{'message': 'File not found: 1uBra7iayNBQgUoe-hXNZ1S_DOjwl4qa8.', 'domain': 'global', 'reason': 'notFound', 'location': 'fileId', 'locationType': 'parameter'}]">
2026-01-20 03:46:19,537 INFO Received migration request.
2026-01-20 03:46:20,631 INFO Failed to initialize Drive subfolders under parent 1uBra7iayNBQgUoe-hXNZ1S_DOjwl4qa8: <HttpError 404 when requesting https://www.googleapis.com/drive/v3/files?fields=id&supportsAllDrives=true&alt=json returned "File not found: 1uBra7iayNBQgUoe-hXNZ1S_DOjwl4qa8.". Details: "[{'message': 'File not found: 1uBra7iayNBQgUoe-hXNZ1S_DOjwl4qa8.', 'domain': 'global', 'reason': 'notFound', 'location': 'fileId', 'locationType': 'parameter'}]">
2026-01-20 03:47:09,792 INFO Received migration request.
2026-01-20 03:47:11,298 INFO Failed to initialize Drive subfolders under parent 1kohd9sRskW4GHFHK7cWyF7nVbLqQgRAI: <HttpError 403 when requesting https://www.googleapis.com/drive/v3/files?fields=id&supportsAllDrives=true&alt=json returned "Insufficient permissions for the specified parent.". Details: "[{'message': 'Insufficient permissions for the specified parent.', 'domain': 'global', 'reason': 'insufficientParentPermissions'}]">
2026-01-20 05:13:51,379 INFO Received migration request.
2026-01-20 05:13:53,058 INFO Failed to initialize Drive subfolders under parent 1uBra7iayNBQgUoe-hXNZ1S_DOjwl4qa8: <HttpError 404 when requesting https://www.googleapis.com/drive/v3/files?fields=id&supportsAllDrives=true&alt=json returned "File not found: 1uBra7iayNBQgUoe-hXNZ1S_DOjwl4qa8.". Details: "[{'message': 'File not found: 1uBra7iayNBQgUoe-hXNZ1S_DOjwl4qa8.', 'domain': 'global', 'reason': 'notFound', 'location': 'fileId', 'locationType': 'parameter'}]">
2026-01-22 01:28:21,431 INFO Received migration request.
2026-01-22 01:28:22,871 INFO Failed to initialize Drive subfolders under parent 1Cr-L64S7xRC7UkaPhM41bRBsAJij1-N7: <HttpError 404 when requesting https://www.googleapis.com/drive/v3/files?fields=id&supportsAllDrives=true&alt=json returned "File not found: 1Cr-L64S7xRC7UkaPhM41bRBsAJij1-N7.". Details: "[{'message': 'File not found: 1Cr-L64S7xRC7UkaPhM41bRBsAJij1-N7.', 'domain': 'global', 'reason': 'notFound', 'location': 'fileId', 'locationType': 'parameter'}]">
2026-01-22 01:46:33,080 INFO Received migration request.
2026-01-22 01:46:35,247 INFO Failed to initialize Drive subfolders under parent 1Cr-L64S7xRC7UkaPhM41bRBsAJij1-N7: <HttpError 403 when requesting https://www.googleapis.com/drive/v3/files?fields=id&supportsAllDrives=true&alt=json returned "Insufficient permissions for the specified parent.". Details: "[{'message': 'Insufficient permissions for the specified parent.', 'domain': 'global', 'reason': 'insufficientParentPermissions'}]">
2026-01-22 06:21:54,766 INFO Received migration request.
2026-01-22 06:21:57,885 INFO Starting migration thread.
2026-01-22 06:21:57,896 INFO Migration started.
2026-01-22 06:21:59,825 INFO Found 12 sheets in folder 5778260903651204.
2026-01-22 06:21:59,825 INFO Processing sheet 4659662264684420.
2026-01-22 06:22:10,557 INFO Received migration request.
2026-01-22 06:22:10,557 INFO Migration request rejected; migration already running.
2026-01-22 06:43:10,831 INFO Received migration request.
2026-01-22 06:43:10,832 INFO Migration request rejected; migration already running.
2026-01-22 06:44:43,936 INFO Received migration request.
2026-01-22 06:44:43,936 INFO Migration request rejected; migration already running.
2026-01-22 06:45:34,315 INFO Received migration request.
2026-01-22 06:45:34,316 INFO Migration request rejected; migration already running.
2026-01-22 06:57:50,908 INFO Processing sheet 8270263389998980.
2026-01-22 07:01:40,108 INFO Received migration request.
2026-01-22 07:01:40,109 INFO Migration request rejected; migration already running.
2026-01-22 07:56:05,391 INFO Received migration request.
2026-01-22 07:56:05,391 INFO Migration request rejected; migration already running.
2026-01-22 08:12:42,836 INFO Received migration request.
2026-01-22 08:12:42,837 INFO Migration request rejected; migration already running.
2026-01-22 08:13:38,608 INFO Received migration request.
2026-01-22 08:13:38,608 INFO Migration request rejected; migration already running.
2026-01-22 08:20:20,713 INFO Received migration request.
2026-01-22 08:20:20,714 INFO Migration request rejected; migration already running.
2026-01-22 08:48:10,667 INFO Received migration request.
2026-01-22 08:48:10,667 INFO Migration request rejected; migration already running.
2026-01-22 09:16:55,301 INFO Processing sheet 2109594575785860.
2026-01-22 10:21:44,621 INFO Processing sheet 8669209286365060.
2026-01-22 10:56:06,480 INFO Processing sheet 7304760336011140.
2026-01-22 12:53:36,676 INFO Processing sheet 8693773656608644.
2026-01-22 14:15:19,706 INFO Processing sheet 6747370151694212.
2026-01-22 16:30:24,499 INFO Processing sheet 5650511487258500.
2026-01-22 18:50:42,638 INFO Processing sheet 494239117954948.
2026-01-22 20:21:47,072 INFO Processing sheet 2609888019566468.
2026-01-23 00:01:32,453 INFO Processing sheet 2189504573034372.
2026-01-23 01:13:40,278 INFO Processing sheet 8818634647359364.
2026-01-26 05:42:09,282 INFO Starting production server on port 5000...
2026-01-26 05:46:54,633 INFO Received migration request.
2026-01-26 05:47:02,348 INFO Starting migration thread.
2026-01-26 05:47:02,349 INFO Migration started.
2026-01-26 05:47:04,513 INFO Found 6 sheets in folder 3789904250464132.
2026-01-26 05:47:04,513 INFO Processing sheet 4135490992164740.
2026-01-26 05:47:36,133 INFO Processing sheet 1665643741925252.
2026-01-26 05:49:16,550 INFO Processing sheet 4903323233636228.
2026-01-26 05:51:11,213 INFO Processing sheet 5096841575092100.
2026-01-26 05:51:40,779 INFO Processing sheet 5324990237855620.
2026-01-26 05:52:12,248 INFO Processing sheet 3072468869664644.
2026-01-26 06:11:12,719 INFO Received migration request.
2026-01-26 06:11:19,291 INFO Starting migration thread.
2026-01-26 06:11:19,291 INFO Migration started.
2026-01-26 06:11:20,438 INFO Found 5 sheets in folder 3602911944042372.
2026-01-26 06:11:20,438 INFO Processing sheet 116767493934980.
2026-01-26 07:14:20,004 INFO Received migration request.
2026-01-26 07:14:20,004 INFO Migration request rejected; migration already running.
2026-01-26 07:23:50,861 INFO Received migration request.
2026-01-26 07:23:50,862 INFO Migration request rejected; migration already running.
2026-01-26 07:52:02,351 INFO Processing sheet 1614719866589060.
2026-01-26 08:01:12,441 INFO Starting production server on port 5000...
2026-01-26 08:02:39,364 INFO Received migration request.
2026-01-26 08:02:40,875 INFO Failed to initialize Drive subfolders under parent 187DjGNxuEtX4Ku7n-KCWubBAbfmQon_J: <HttpError 404 when requesting https://www.googleapis.com/drive/v3/files?fields=id&supportsAllDrives=true&alt=json returned "File not found: 187DjGNxuEtX4Ku7n-KCWubBAbfmQon_J.". Details: "[{'message': 'File not found: 187DjGNxuEtX4Ku7n-KCWubBAbfmQon_J.', 'domain': 'global', 'reason': 'notFound', 'location': 'fileId', 'locationType': 'parameter'}]">
2026-01-26 08:03:51,124 INFO Received migration request.
2026-01-26 08:03:52,264 INFO Failed to initialize Drive subfolders under parent 187DjGNxuEtX4Ku7n-KCWubBAbfmQon_J: <HttpError 404 when requesting https://www.googleapis.com/drive/v3/files?fields=id&supportsAllDrives=true&alt=json returned "File not found: 187DjGNxuEtX4Ku7n-KCWubBAbfmQon_J.". Details: "[{'message': 'File not found: 187DjGNxuEtX4Ku7n-KCWubBAbfmQon_J.', 'domain': 'global', 'reason': 'notFound', 'location': 'fileId', 'locationType': 'parameter'}]">
2026-01-26 08:25:06,219 INFO Received migration request.
2026-01-26 08:25:07,568 INFO Failed to initialize Drive subfolders under parent 0ALXkds86mMKBUk9PVA: <HttpError 404 when requesting https://www.googleapis.com/drive/v3/files?fields=id&supportsAllDrives=true&alt=json returned "File not found: 0ALXkds86mMKBUk9PVA.". Details: "[{'message': 'File not found: 0ALXkds86mMKBUk9PVA.', 'domain': 'global', 'reason': 'notFound', 'location': 'fileId', 'locationType': 'parameter'}]">
2026-01-26 08:27:51,509 INFO Received migration request.
2026-01-26 08:27:52,448 INFO Failed to initialize Drive subfolders under parent 1tePyUx4WeLz64FWrPCi6QRqUb4nSF_Dq: <HttpError 404 when requesting https://www.googleapis.com/drive/v3/files?fields=id&supportsAllDrives=true&alt=json returned "File not found: 1tePyUx4WeLz64FWrPCi6QRqUb4nSF_Dq.". Details: "[{'message': 'File not found: 1tePyUx4WeLz64FWrPCi6QRqUb4nSF_Dq.', 'domain': 'global', 'reason': 'notFound', 'location': 'fileId', 'locationType': 'parameter'}]">
2026-01-26 08:30:26,730 INFO Received migration request.
2026-01-26 08:30:27,800 INFO Failed to initialize Drive subfolders under parent 1ChV23TzfYAuGOLr4O0idLKKPsleRgAba: <HttpError 404 when requesting https://www.googleapis.com/drive/v3/files?fields=id&supportsAllDrives=true&alt=json returned "File not found: 1ChV23TzfYAuGOLr4O0idLKKPsleRgAba.". Details: "[{'message': 'File not found: 1ChV23TzfYAuGOLr4O0idLKKPsleRgAba.', 'domain': 'global', 'reason': 'notFound', 'location': 'fileId', 'locationType': 'parameter'}]">
2026-01-26 08:30:43,016 INFO Received migration request.
2026-01-26 08:30:44,382 INFO Failed to initialize Drive subfolders under parent 1ChV23TzfYAuGOLr4O0idLKKPsleRgAba: <HttpError 404 when requesting https://www.googleapis.com/drive/v3/files?fields=id&supportsAllDrives=true&alt=json returned "File not found: 1ChV23TzfYAuGOLr4O0idLKKPsleRgAba.". Details: "[{'message': 'File not found: 1ChV23TzfYAuGOLr4O0idLKKPsleRgAba.', 'domain': 'global', 'reason': 'notFound', 'location': 'fileId', 'locationType': 'parameter'}]">
2026-01-26 08:30:54,887 INFO Received migration request.
2026-01-26 08:30:55,984 INFO Failed to initialize Drive subfolders under parent 1ChV23TzfYAuGOLr4O0idLKKPsleRgAba: <HttpError 404 when requesting https://www.googleapis.com/drive/v3/files?fields=id&supportsAllDrives=true&alt=json returned "File not found: 1ChV23TzfYAuGOLr4O0idLKKPsleRgAba.". Details: "[{'message': 'File not found: 1ChV23TzfYAuGOLr4O0idLKKPsleRgAba.', 'domain': 'global', 'reason': 'notFound', 'location': 'fileId', 'locationType': 'parameter'}]">
2026-01-26 08:39:59,211 INFO Starting production server on port 5000...
2026-01-26 08:40:37,395 INFO Received migration request.
2026-01-26 08:40:46,142 INFO Starting migration thread.
2026-01-26 08:40:46,143 INFO Migration started.
2026-01-26 08:40:48,260 INFO Found 6 sheets in folder 3789904250464132.
2026-01-26 08:40:48,260 INFO Processing sheet 4135490992164740.
2026-01-26 08:41:25,077 INFO Processing sheet 1665643741925252.
2026-01-26 08:43:16,059 INFO Processing sheet 4903323233636228.
2026-01-26 08:45:17,968 INFO Processing sheet 5096841575092100.
2026-01-26 08:45:47,659 INFO Processing sheet 5324990237855620.
2026-01-26 08:46:22,161 INFO Processing sheet 3072468869664644.
2026-01-26 08:55:47,978 INFO Starting production server on port 5000...
2026-01-26 09:15:27,571 INFO Received migration request.
2026-01-26 09:15:33,553 INFO Starting migration thread.
2026-01-26 09:15:33,554 INFO Migration started.
2026-01-26 09:15:35,726 INFO Found 6 sheets in folder 3789904250464132.
2026-01-26 09:15:35,726 INFO Processing sheet 4135490992164740.
2026-01-26 09:16:06,109 INFO Processing sheet 1665643741925252.
2026-01-26 09:17:36,469 INFO Processing sheet 4903323233636228.
2026-01-26 09:19:20,072 INFO Processing sheet 5096841575092100.
2026-01-26 09:19:47,098 INFO Processing sheet 5324990237855620.
2026-01-26 09:20:17,766 INFO Processing sheet 3072468869664644.
2026-01-26 09:26:40,595 INFO Received migration request.
2026-01-26 09:26:43,252 INFO Received migration request.
2026-01-26 09:29:34,945 INFO Starting production server on port 5000...
2026-01-26 09:30:18,991 INFO Received migration request.
2026-01-26 09:30:24,331 INFO Starting migration thread.
2026-01-26 09:30:24,332 INFO Migration started.
2026-01-26 09:30:25,577 INFO Found 6 sheets in folder 3789904250464132.
2026-01-26 09:30:25,577 INFO Processing sheet 4135490992164740.
2026-01-26 09:31:04,050 INFO Processing sheet 1665643741925252.
2026-01-26 09:32:49,418 INFO Processing sheet 4903323233636228.
2026-01-26 09:34:42,685 INFO Processing sheet 5096841575092100.
2026-01-26 09:35:11,093 INFO Processing sheet 5324990237855620.
2026-01-26 09:35:42,601 INFO Processing sheet 3072468869664644.
2026-01-26 09:51:09,617 INFO Starting production server on port 5000...
2026-01-26 09:51:43,031 INFO Received migration request.
2026-01-26 09:51:49,452 INFO Starting migration thread.
2026-01-26 09:51:49,453 INFO Migration started.
2026-01-26 09:51:51,492 INFO Found 6 sheets in folder 3789904250464132.
2026-01-26 09:51:51,492 INFO Processing sheet 4135490992164740.
2026-01-26 09:52:29,068 INFO Processing sheet 1665643741925252.
2026-01-26 09:54:11,072 INFO Processing sheet 4903323233636228.
2026-01-26 09:56:02,515 INFO Processing sheet 5096841575092100.
2026-01-26 09:56:31,911 INFO Processing sheet 5324990237855620.
2026-01-26 09:57:02,693 INFO Processing sheet 3072468869664644.
2026-01-27 06:53:53,671 INFO Received migration request.
2026-01-27 06:54:00,936 INFO Starting migration thread.
2026-01-27 06:54:00,937 INFO Migration started.
2026-01-27 06:54:03,276 INFO Found 6 sheets in folder 3789904250464132.
2026-01-27 06:54:03,276 INFO Processing sheet 4135490992164740.
2026-01-27 06:54:40,426 INFO Processing sheet 1665643741925252.
2026-01-27 06:56:34,764 INFO Processing sheet 4903323233636228.
2026-01-27 06:58:33,332 INFO Processing sheet 5096841575092100.
2026-01-27 06:59:05,841 INFO Processing sheet 5324990237855620.
2026-01-27 06:59:45,303 INFO Processing sheet 3072468869664644.
2026-01-27 07:01:10,491 INFO Starting production server on port 5000...
2026-01-27 07:06:20,101 INFO Received migration request.
2026-01-27 07:06:28,129 INFO Starting migration thread.
2026-01-27 07:06:28,130 INFO Migration started.
2026-01-27 07:06:30,232 INFO Found 6 sheets in folder 3789904250464132.
2026-01-27 07:06:30,232 INFO Processing sheet 4135490992164740.
2026-01-27 07:07:04,245 INFO Processing sheet 1665643741925252.
2026-01-27 07:07:32,736 INFO Processing sheet 4903323233636228.
2026-01-27 07:08:02,155 INFO Processing sheet 5096841575092100.
2026-01-27 07:08:23,358 INFO Processing sheet 5324990237855620.
2026-01-27 07:08:37,906 INFO Processing sheet 3072468869664644.
2026-01-27 07:34:30,799 INFO Starting production server on port 5000...
2026-01-27 07:37:24,294 INFO Received migration request.
2026-01-27 07:37:34,145 INFO Starting migration thread.
2026-01-27 07:37:34,146 INFO Migration started.
2026-01-27 07:37:36,252 INFO Found 6 sheets in folder 3789904250464132.
2026-01-27 07:37:36,252 INFO Processing sheet 4135490992164740.
2026-01-27 07:38:14,251 INFO Processing sheet 1665643741925252.
2026-01-27 07:38:41,999 INFO Processing sheet 4903323233636228.
2026-01-27 07:39:10,835 INFO Processing sheet 5096841575092100.
2026-01-27 07:39:32,522 INFO Processing sheet 5324990237855620.
2026-01-27 07:39:47,163 INFO Processing sheet 3072468869664644.
2026-01-27 07:46:38,776 INFO Received migration request.
2026-01-27 07:46:48,513 INFO Starting migration thread.
2026-01-27 07:46:48,513 INFO Migration started.
2026-01-27 07:46:49,727 INFO Found 6 sheets in folder 3789904250464132.
2026-01-27 07:46:49,727 INFO Processing sheet 4135490992164740.
2026-01-27 07:47:45,523 INFO Starting production server on port 5000...
2026-01-27 07:52:11,079 INFO Received migration request.
2026-01-27 07:52:18,788 INFO Starting migration thread.
2026-01-27 07:52:18,788 INFO Migration started.
2026-01-27 07:52:20,300 INFO Found 6 sheets in folder 3789904250464132.
2026-01-27 07:52:20,300 INFO Processing sheet 4135490992164740.
2026-01-27 07:52:56,951 INFO Processing sheet 1665643741925252.
2026-01-27 07:53:20,759 INFO Processing sheet 4903323233636228.
2026-01-27 07:53:46,617 INFO Processing sheet 5096841575092100.
2026-01-27 07:54:04,752 INFO Processing sheet 5324990237855620.
2026-01-27 07:54:17,033 INFO Processing sheet 3072468869664644.
2026-01-28 07:47:30,979 INFO Received migration request.
2026-01-28 07:47:35,407 INFO Received migration request.
2026-01-28 07:47:39,423 INFO Starting migration thread.
2026-01-28 07:47:39,428 INFO Migration started.
2026-01-28 07:47:40,457 INFO Received migration request.
2026-01-28 07:47:40,457 INFO Migration request rejected; migration already running.
2026-01-28 07:47:41,026 INFO Starting migration thread.
2026-01-28 07:47:41,026 INFO Migration started.
2026-01-28 07:47:41,478 INFO Found 5 sheets in folder 3602911944042372.
2026-01-28 07:47:41,478 INFO Processing sheet 116767493934980.
2026-01-28 07:47:42,768 INFO Found 5 sheets in folder 3602911944042372.
2026-01-28 07:47:42,768 INFO Processing sheet 116767493934980.
2026-01-28 07:49:08,963 INFO Received migration request.
2026-01-28 07:49:08,964 INFO Migration request rejected; migration already running.
2026-01-28 07:57:16,357 INFO Processing sheet 1614719866589060.
2026-01-28 08:22:09,188 INFO Processing sheet 1614719866589060.
2026-01-29 08:33:50,090 INFO Starting production server on port 5000...
2026-01-29 08:34:44,614 INFO Received migration request.
2026-01-29 08:34:59,360 INFO Starting migration thread.
2026-01-29 08:34:59,361 INFO Migration started.
2026-01-29 08:35:01,380 INFO Found 6 sheets in folder 3789904250464132.
2026-01-29 08:35:01,380 INFO Processing sheet 4135490992164740.
2026-01-29 08:35:37,389 INFO Processing sheet 1665643741925252.
2026-01-29 08:36:01,234 INFO Processing sheet 4903323233636228.
2026-01-29 08:36:26,802 INFO Processing sheet 5096841575092100.
2026-01-29 08:36:44,680 INFO Processing sheet 5324990237855620.
2026-01-29 08:37:00,701 INFO Processing sheet 3072468869664644.
2026-02-02 01:17:02,225 INFO Received migration request.
2026-02-02 01:17:14,008 INFO Starting migration thread.
2026-02-02 01:17:14,009 INFO Migration started.
2026-02-02 01:17:15,757 INFO Found 5 sheets in folder 3602911944042372.
2026-02-02 01:17:15,758 INFO Processing sheet 116767493934980.
2026-02-02 04:04:31,356 INFO Processing sheet 1614719866589060.
2026-02-02 05:32:10,763 INFO Processing sheet 6624742795595652.
2026-02-02 06:20:10,320 INFO Processing sheet 8945589199785860.
2026-02-02 07:58:17,587 INFO Processing sheet 8065281997885316.
2026-02-02 08:30:54,826 INFO Received migration request.
2026-02-02 08:31:01,756 INFO Starting migration thread.
2026-02-02 08:31:01,757 INFO Migration started.
2026-02-02 08:32:13,874 INFO Received migration request.
2026-02-02 08:32:16,685 INFO Starting migration thread.
2026-02-02 08:32:16,685 INFO Migration started.
2026-02-02 08:34:26,317 INFO Received migration request.
2026-02-02 08:34:34,096 INFO Starting migration thread.
2026-02-02 08:34:34,097 INFO Migration started.
2026-02-02 08:35:28,284 INFO Received migration request.
2026-02-02 08:35:31,024 INFO Starting migration thread.
2026-02-02 08:35:31,025 INFO Migration started.
2026-02-02 08:37:00,572 INFO Received migration request.
2026-02-02 08:37:03,358 INFO Starting migration thread.
2026-02-02 08:37:03,358 INFO Migration started.
2026-02-02 08:37:04,474 INFO Found 1 sheets in folder 5116185688729476.
2026-02-02 08:37:04,475 INFO Processing sheet 5263096150970244.
2026-02-02 08:37:09,400 ERROR Migration failed with an unhandled exception.
Traceback (most recent call last):
  File "/usr/local/lib/python3.10/pathlib.py", line 1175, in mkdir
    self._accessor.mkdir(self, mode)
OSError: [Errno 112] Host is down: '/mnt/smartsheet/resource/jKjKzm/sheets/5263096150970244'

During handling of the above exception, another exception occurred:

Traceback (most recent call last):
  File "/app/app/ssextractor.py", line 525, in upload_to_google_drive
    sheet_folder = sheet_folder_path(sheet_id)
  File "/app/app/ssextractor.py", line 161, in sheet_folder_path
    return ensure_resource_subdir(get_resource_root() / "sheets", sheet_id)
  File "/app/app/ssextractor.py", line 157, in ensure_resource_subdir
    folder.mkdir(parents=True, exist_ok=True)
  File "/usr/local/lib/python3.10/pathlib.py", line 1184, in mkdir
    if not exist_ok or not self.is_dir():
  File "/usr/local/lib/python3.10/pathlib.py", line 1305, in is_dir
    return S_ISDIR(self.stat().st_mode)
  File "/usr/local/lib/python3.10/pathlib.py", line 1097, in stat
    return self._accessor.stat(self, follow_symlinks=follow_symlinks)
OSError: [Errno 112] Host is down: '/mnt/smartsheet/resource/jKjKzm/sheets/5263096150970244'

During handling of the above exception, another exception occurred:

Traceback (most recent call last):
  File "/app/app/main.py", line 89, in run_migration
    upload_to_google_drive(sheet_id)
  File "/app/app/ssextractor.py", line 567, in upload_to_google_drive
    print(f"Error uploading {file_path} to Google Drive: {e}")
UnboundLocalError: local variable 'file_path' referenced before assignment
2026-02-03 03:25:54,075 INFO Received migration request.
2026-02-03 03:25:55,241 INFO Failed to initialize Drive subfolders under parent https://drive.google.com/drive/folders/1iNwlRYQNMx8qrAmHaVqREzMQEuEsmIOw: <HttpError 404 when requesting https://www.googleapis.com/drive/v3/files?q=name%3D%27sheets%27+and+%27https%3A%2F%2Fdrive.google.com%2Fdrive%2Ffolders%2F1iNwlRYQNMx8qrAmHaVqREzMQEuEsmIOw%27+in+parents+and+mimeType%3D%27application%2Fvnd.google-apps.folder%27&fields=files%28id%29&includeItemsFromAllDrives=true&supportsAllDrives=true&alt=json returned "File not found: .". Details: "[{'message': 'File not found: .', 'domain': 'global', 'reason': 'notFound', 'location': 'fileId', 'locationType': 'parameter'}]">
2026-02-03 03:27:59,479 INFO Received migration request.
2026-02-03 03:28:00,097 INFO Failed to initialize Drive subfolders under parent https://drive.google.com/drive/folders/1iNwlRYQNMx8qrAmHaVqREzMQEuEsmIOw?usp=sharing: <HttpError 404 when requesting https://www.googleapis.com/drive/v3/files?q=name%3D%27sheets%27+and+%27https%3A%2F%2Fdrive.google.com%2Fdrive%2Ffolders%2F1iNwlRYQNMx8qrAmHaVqREzMQEuEsmIOw%3Fusp%3Dsharing%27+in+parents+and+mimeType%3D%27application%2Fvnd.google-apps.folder%27&fields=files%28id%29&includeItemsFromAllDrives=true&supportsAllDrives=true&alt=json returned "File not found: .". Details: "[{'message': 'File not found: .', 'domain': 'global', 'reason': 'notFound', 'location': 'fileId', 'locationType': 'parameter'}]">
2026-02-03 03:30:09,268 INFO Received migration request.
2026-02-03 03:30:15,773 INFO Starting migration thread.
2026-02-03 03:30:15,774 INFO Migration started.
2026-02-03 04:01:00,207 INFO Received migration request.
2026-02-03 04:01:02,253 INFO Starting migration thread.
2026-02-03 04:01:02,253 INFO Migration started.
2026-02-03 04:02:02,405 INFO Received migration request.
2026-02-03 04:02:07,742 INFO Starting migration thread.
2026-02-03 04:02:07,742 INFO Migration started.
2026-02-03 04:02:09,406 INFO Found 1 sheets in folder 8793551854167940.
2026-02-03 04:02:09,406 INFO Processing sheet 1190013765111684.
2026-02-03 04:02:21,423 ERROR Migration failed with an unhandled exception.
Traceback (most recent call last):
  File "/usr/local/lib/python3.10/pathlib.py", line 1175, in mkdir
    self._accessor.mkdir(self, mode)
OSError: [Errno 112] Host is down: '/mnt/smartsheet/resource/hsrTsj/sheets/1190013765111684'

During handling of the above exception, another exception occurred:

Traceback (most recent call last):
  File "/app/app/ssextractor.py", line 525, in upload_to_google_drive
    sheet_folder = sheet_folder_path(sheet_id)
  File "/app/app/ssextractor.py", line 161, in sheet_folder_path
    return ensure_resource_subdir(get_resource_root() / "sheets", sheet_id)
  File "/app/app/ssextractor.py", line 157, in ensure_resource_subdir
    folder.mkdir(parents=True, exist_ok=True)
  File "/usr/local/lib/python3.10/pathlib.py", line 1184, in mkdir
    if not exist_ok or not self.is_dir():
  File "/usr/local/lib/python3.10/pathlib.py", line 1305, in is_dir
    return S_ISDIR(self.stat().st_mode)
  File "/usr/local/lib/python3.10/pathlib.py", line 1097, in stat
    return self._accessor.stat(self, follow_symlinks=follow_symlinks)
OSError: [Errno 112] Host is down: '/mnt/smartsheet/resource/hsrTsj/sheets/1190013765111684'

During handling of the above exception, another exception occurred:

Traceback (most recent call last):
  File "/app/app/main.py", line 89, in run_migration
    upload_to_google_drive(sheet_id)
  File "/app/app/ssextractor.py", line 567, in upload_to_google_drive
    print(f"Error uploading {file_path} to Google Drive: {e}")
UnboundLocalError: local variable 'file_path' referenced before assignment
2026-02-03 04:03:56,975 INFO Received migration request.
2026-02-03 04:03:58,948 INFO Starting migration thread.
2026-02-03 04:03:58,948 INFO Migration started.
2026-02-03 04:05:43,591 INFO Received migration request.
2026-02-03 04:05:49,350 INFO Starting migration thread.
2026-02-03 04:05:49,351 INFO Migration started.
2026-02-03 04:05:51,019 INFO Found 1 sheets in folder 8793551854167940.
2026-02-03 04:05:51,020 INFO Processing sheet 1190013765111684.
2026-02-03 04:06:01,652 ERROR Migration failed with an unhandled exception.
Traceback (most recent call last):
  File "/usr/local/lib/python3.10/pathlib.py", line 1175, in mkdir
    self._accessor.mkdir(self, mode)
OSError: [Errno 112] Host is down: '/mnt/smartsheet/resource/hsrTsj/sheets/1190013765111684'

During handling of the above exception, another exception occurred:

Traceback (most recent call last):
  File "/app/app/ssextractor.py", line 525, in upload_to_google_drive
    sheet_folder = sheet_folder_path(sheet_id)
  File "/app/app/ssextractor.py", line 161, in sheet_folder_path
    return ensure_resource_subdir(get_resource_root() / "sheets", sheet_id)
  File "/app/app/ssextractor.py", line 157, in ensure_resource_subdir
    folder.mkdir(parents=True, exist_ok=True)
  File "/usr/local/lib/python3.10/pathlib.py", line 1184, in mkdir
    if not exist_ok or not self.is_dir():
  File "/usr/local/lib/python3.10/pathlib.py", line 1305, in is_dir
    return S_ISDIR(self.stat().st_mode)
  File "/usr/local/lib/python3.10/pathlib.py", line 1097, in stat
    return self._accessor.stat(self, follow_symlinks=follow_symlinks)
OSError: [Errno 112] Host is down: '/mnt/smartsheet/resource/hsrTsj/sheets/1190013765111684'

During handling of the above exception, another exception occurred:

Traceback (most recent call last):
  File "/app/app/main.py", line 89, in run_migration
    upload_to_google_drive(sheet_id)
  File "/app/app/ssextractor.py", line 567, in upload_to_google_drive
    print(f"Error uploading {file_path} to Google Drive: {e}")
UnboundLocalError: local variable 'file_path' referenced before assignment
2026-02-03 04:07:42,044 INFO Received migration request.
2026-02-03 04:07:44,218 INFO Starting migration thread.
2026-02-03 04:07:44,218 INFO Migration started.
2026-02-03 04:10:07,372 INFO Received migration request.
2026-02-03 04:10:08,506 INFO Received migration request.
2026-02-03 04:10:11,009 INFO Starting migration thread.
2026-02-03 04:10:11,010 INFO Migration started.
2026-02-03 04:10:12,843 INFO Found 1 sheets in folder 5116185688729476.
2026-02-03 04:10:12,843 INFO Processing sheet 5263096150970244.
2026-02-03 04:10:15,719 INFO Starting migration thread.
2026-02-03 04:10:15,719 INFO Migration started.
2026-02-03 04:10:17,317 ERROR Migration failed with an unhandled exception.
Traceback (most recent call last):
  File "/usr/local/lib/python3.10/pathlib.py", line 1175, in mkdir
    self._accessor.mkdir(self, mode)
OSError: [Errno 112] Host is down: '/mnt/smartsheet/resource/jKjKzm/sheets/5263096150970244'

During handling of the above exception, another exception occurred:

Traceback (most recent call last):
  File "/app/app/ssextractor.py", line 525, in upload_to_google_drive
    sheet_folder = sheet_folder_path(sheet_id)
  File "/app/app/ssextractor.py", line 161, in sheet_folder_path
    return ensure_resource_subdir(get_resource_root() / "sheets", sheet_id)
  File "/app/app/ssextractor.py", line 157, in ensure_resource_subdir
    folder.mkdir(parents=True, exist_ok=True)
  File "/usr/local/lib/python3.10/pathlib.py", line 1184, in mkdir
    if not exist_ok or not self.is_dir():
  File "/usr/local/lib/python3.10/pathlib.py", line 1305, in is_dir
    return S_ISDIR(self.stat().st_mode)
  File "/usr/local/lib/python3.10/pathlib.py", line 1097, in stat
    return self._accessor.stat(self, follow_symlinks=follow_symlinks)
OSError: [Errno 112] Host is down: '/mnt/smartsheet/resource/jKjKzm/sheets/5263096150970244'

During handling of the above exception, another exception occurred:

Traceback (most recent call last):
  File "/app/app/main.py", line 89, in run_migration
    upload_to_google_drive(sheet_id)
  File "/app/app/ssextractor.py", line 567, in upload_to_google_drive
    print(f"Error uploading {file_path} to Google Drive: {e}")
UnboundLocalError: local variable 'file_path' referenced before assignment
2026-02-03 04:10:17,382 INFO Found 1 sheets in folder 5116185688729476.
2026-02-03 04:10:17,382 INFO Processing sheet 5263096150970244.
2026-02-03 04:10:21,793 ERROR Migration failed with an unhandled exception.
Traceback (most recent call last):
  File "/usr/local/lib/python3.10/pathlib.py", line 1175, in mkdir
    self._accessor.mkdir(self, mode)
OSError: [Errno 112] Host is down: '/mnt/smartsheet/resource/jKjKzm/sheets/5263096150970244'

During handling of the above exception, another exception occurred:

Traceback (most recent call last):
  File "/app/app/ssextractor.py", line 525, in upload_to_google_drive
    sheet_folder = sheet_folder_path(sheet_id)
  File "/app/app/ssextractor.py", line 161, in sheet_folder_path
    return ensure_resource_subdir(get_resource_root() / "sheets", sheet_id)
  File "/app/app/ssextractor.py", line 157, in ensure_resource_subdir
    folder.mkdir(parents=True, exist_ok=True)
  File "/usr/local/lib/python3.10/pathlib.py", line 1184, in mkdir
    if not exist_ok or not self.is_dir():
  File "/usr/local/lib/python3.10/pathlib.py", line 1305, in is_dir
    return S_ISDIR(self.stat().st_mode)
  File "/usr/local/lib/python3.10/pathlib.py", line 1097, in stat
    return self._accessor.stat(self, follow_symlinks=follow_symlinks)
OSError: [Errno 112] Host is down: '/mnt/smartsheet/resource/jKjKzm/sheets/5263096150970244'

During handling of the above exception, another exception occurred:

Traceback (most recent call last):
  File "/app/app/main.py", line 89, in run_migration
    upload_to_google_drive(sheet_id)
  File "/app/app/ssextractor.py", line 567, in upload_to_google_drive
    print(f"Error uploading {file_path} to Google Drive: {e}")
UnboundLocalError: local variable 'file_path' referenced before assignment
2026-02-03 04:11:16,753 INFO Received migration request.
2026-02-03 04:11:21,591 INFO Starting migration thread.
2026-02-03 04:11:21,591 INFO Migration started.
2026-02-03 04:11:23,355 INFO Found 1 sheets in folder 3586264785020804.
2026-02-03 04:11:23,355 INFO Processing sheet 3933054758244228.
2026-02-03 04:11:38,591 INFO Received migration request.
2026-02-03 04:11:38,612 INFO Migration request rejected; migration already running.
2026-02-03 04:11:46,407 ERROR Migration failed with an unhandled exception.
Traceback (most recent call last):
  File "/usr/local/lib/python3.10/pathlib.py", line 1175, in mkdir
    self._accessor.mkdir(self, mode)
OSError: [Errno 112] Host is down: '/mnt/smartsheet/resource/hsrTsj/sheets/3933054758244228'

During handling of the above exception, another exception occurred:

Traceback (most recent call last):
  File "/app/app/ssextractor.py", line 525, in upload_to_google_drive
    sheet_folder = sheet_folder_path(sheet_id)
  File "/app/app/ssextractor.py", line 161, in sheet_folder_path
    return ensure_resource_subdir(get_resource_root() / "sheets", sheet_id)
  File "/app/app/ssextractor.py", line 157, in ensure_resource_subdir
    folder.mkdir(parents=True, exist_ok=True)
  File "/usr/local/lib/python3.10/pathlib.py", line 1184, in mkdir
    if not exist_ok or not self.is_dir():
  File "/usr/local/lib/python3.10/pathlib.py", line 1305, in is_dir
    return S_ISDIR(self.stat().st_mode)
  File "/usr/local/lib/python3.10/pathlib.py", line 1097, in stat
    return self._accessor.stat(self, follow_symlinks=follow_symlinks)
OSError: [Errno 112] Host is down: '/mnt/smartsheet/resource/hsrTsj/sheets/3933054758244228'

During handling of the above exception, another exception occurred:

Traceback (most recent call last):
  File "/app/app/main.py", line 89, in run_migration
    upload_to_google_drive(sheet_id)
  File "/app/app/ssextractor.py", line 567, in upload_to_google_drive
    print(f"Error uploading {file_path} to Google Drive: {e}")
UnboundLocalError: local variable 'file_path' referenced before assignment
2026-02-03 04:12:11,699 INFO Received migration request.
2026-02-03 04:12:18,670 INFO Starting migration thread.
2026-02-03 04:12:18,671 INFO Migration started.
2026-02-03 04:12:20,300 INFO Found 1 sheets in folder 3586264785020804.
2026-02-03 04:12:20,300 INFO Processing sheet 3933054758244228.
2026-02-03 04:12:43,125 ERROR Migration failed with an unhandled exception.
Traceback (most recent call last):
  File "/usr/local/lib/python3.10/pathlib.py", line 1175, in mkdir
    self._accessor.mkdir(self, mode)
OSError: [Errno 112] Host is down: '/mnt/smartsheet/resource/hsrTsj/sheets/3933054758244228'

During handling of the above exception, another exception occurred:

Traceback (most recent call last):
  File "/app/app/ssextractor.py", line 525, in upload_to_google_drive
    sheet_folder = sheet_folder_path(sheet_id)
  File "/app/app/ssextractor.py", line 161, in sheet_folder_path
    return ensure_resource_subdir(get_resource_root() / "sheets", sheet_id)
  File "/app/app/ssextractor.py", line 157, in ensure_resource_subdir
    folder.mkdir(parents=True, exist_ok=True)
  File "/usr/local/lib/python3.10/pathlib.py", line 1184, in mkdir
    if not exist_ok or not self.is_dir():
  File "/usr/local/lib/python3.10/pathlib.py", line 1305, in is_dir
    return S_ISDIR(self.stat().st_mode)
  File "/usr/local/lib/python3.10/pathlib.py", line 1097, in stat
    return self._accessor.stat(self, follow_symlinks=follow_symlinks)
OSError: [Errno 112] Host is down: '/mnt/smartsheet/resource/hsrTsj/sheets/3933054758244228'

During handling of the above exception, another exception occurred:

Traceback (most recent call last):
  File "/app/app/main.py", line 89, in run_migration
    upload_to_google_drive(sheet_id)
  File "/app/app/ssextractor.py", line 567, in upload_to_google_drive
    print(f"Error uploading {file_path} to Google Drive: {e}")
UnboundLocalError: local variable 'file_path' referenced before assignment
2026-02-03 04:14:50,234 INFO Received migration request.
2026-02-03 04:14:55,833 INFO Starting migration thread.
2026-02-03 04:14:55,833 INFO Migration started.
2026-02-03 04:15:40,480 INFO Received migration request.
2026-02-03 04:15:46,073 INFO Starting migration thread.
2026-02-03 04:15:46,073 INFO Migration started.
2026-02-03 04:15:47,048 INFO Found 1 sheets in folder 3586264785020804.
2026-02-03 04:15:47,049 INFO Processing sheet 3933054758244228.
2026-02-03 04:16:10,244 ERROR Migration failed with an unhandled exception.
Traceback (most recent call last):
  File "/usr/local/lib/python3.10/pathlib.py", line 1175, in mkdir
    self._accessor.mkdir(self, mode)
OSError: [Errno 112] Host is down: '/mnt/smartsheet/resource/hsrTsj/sheets/3933054758244228'

During handling of the above exception, another exception occurred:

Traceback (most recent call last):
  File "/app/app/ssextractor.py", line 525, in upload_to_google_drive
    sheet_folder = sheet_folder_path(sheet_id)
  File "/app/app/ssextractor.py", line 161, in sheet_folder_path
    return ensure_resource_subdir(get_resource_root() / "sheets", sheet_id)
  File "/app/app/ssextractor.py", line 157, in ensure_resource_subdir
    folder.mkdir(parents=True, exist_ok=True)
  File "/usr/local/lib/python3.10/pathlib.py", line 1184, in mkdir
    if not exist_ok or not self.is_dir():
  File "/usr/local/lib/python3.10/pathlib.py", line 1305, in is_dir
    return S_ISDIR(self.stat().st_mode)
  File "/usr/local/lib/python3.10/pathlib.py", line 1097, in stat
    return self._accessor.stat(self, follow_symlinks=follow_symlinks)
OSError: [Errno 112] Host is down: '/mnt/smartsheet/resource/hsrTsj/sheets/3933054758244228'

During handling of the above exception, another exception occurred:

Traceback (most recent call last):
  File "/app/app/main.py", line 89, in run_migration
    upload_to_google_drive(sheet_id)
  File "/app/app/ssextractor.py", line 567, in upload_to_google_drive
    print(f"Error uploading {file_path} to Google Drive: {e}")
UnboundLocalError: local variable 'file_path' referenced before assignment
2026-02-03 04:18:51,954 INFO Received migration request.
2026-02-03 04:18:57,696 INFO Starting migration thread.
2026-02-03 04:18:57,697 INFO Migration started.
2026-02-03 05:23:18,353 INFO Received migration request.
2026-02-03 05:23:20,865 INFO Starting migration thread.
2026-02-03 05:23:20,866 INFO Migration started.
2026-02-03 05:24:22,284 INFO Received migration request.
2026-02-03 05:24:27,432 INFO Starting migration thread.
2026-02-03 05:24:27,432 INFO Migration started.
2026-02-03 05:45:23,935 INFO Starting production server on port 5000...
2026-02-03 05:49:28,286 INFO Received migration request.
2026-02-03 05:49:36,160 INFO Starting migration thread.
2026-02-03 05:49:36,161 INFO Migration started.
2026-02-03 05:49:38,100 INFO Found 6 sheets in folder 3789904250464132.
2026-02-03 05:49:38,101 INFO Processing sheet 4135490992164740.
2026-02-03 05:50:12,726 INFO Received migration request.
2026-02-03 05:50:15,393 INFO Processing sheet 1665643741925252.
2026-02-03 05:50:24,217 INFO Starting migration thread.
2026-02-03 05:50:24,217 INFO Migration started.
2026-02-03 05:50:25,238 INFO Found 6 sheets in folder 3789904250464132.
2026-02-03 05:50:25,238 INFO Processing sheet 4135490992164740.
2026-02-03 05:50:39,306 INFO Processing sheet 4903323233636228.
2026-02-03 05:51:02,467 INFO Processing sheet 1665643741925252.
2026-02-03 05:51:03,532 INFO Processing sheet 5096841575092100.
2026-02-03 05:51:20,811 INFO Processing sheet 5324990237855620.
2026-02-03 05:51:27,694 INFO Processing sheet 4903323233636228.
